2018/08/29-13:22 [main] INFO  com.shy.FeibitPlatformApp- Starting FeibitPlatformApp on guojiaweideMacBook-Pro.local with PID 20180 (/Users/guojiawei/Downloads/itworksapces/Internetofthings/feibit-platform/target/classes started by guojiawei in /Users/guojiawei/Downloads/itworksapces/Internetofthings)
2018/08/29-13:22 [main] INFO  com.shy.FeibitPlatformApp- No active profile set, falling back to default profiles: default
2018/08/29-13:22 [main] INFO  org.springframework.boot.context.embedded.AnnotationConfigEmbeddedWebApplicationContext- Refreshing org.springframework.boot.context.embedded.AnnotationConfigEmbeddedWebApplicationContext@21de60b4: startup date [Wed Aug 29 13:22:37 CST 2018]; root of context hierarchy
2018/08/29-13:22 [main] INFO  org.springframework.boot.context.embedded.tomcat.TomcatEmbeddedServletContainer- Tomcat initialized with port(s): 9020 (http)
2018/08/29-13:22 [main] INFO  org.apache.catalina.core.StandardService- Starting service [Tomcat]
2018/08/29-13:22 [main] INFO  org.apache.catalina.core.StandardEngine- Starting Servlet Engine: Apache Tomcat/8.5.16
2018/08/29-13:22 [localhost-startStop-1] INFO  org.apache.catalina.core.ContainerBase.[Tomcat].[localhost].[/]- Initializing Spring embedded WebApplicationContext
2018/08/29-13:22 [localhost-startStop-1] INFO  org.springframework.web.context.ContextLoader- Root WebApplicationContext: initialization completed in 1349 ms
2018/08/29-13:22 [localhost-startStop-1] INFO  org.springframework.boot.web.servlet.ServletRegistrationBean- Mapping servlet: 'dispatcherServlet' to [/]
2018/08/29-13:22 [localhost-startStop-1] INFO  org.springframework.boot.web.servlet.FilterRegistrationBean- Mapping filter: 'characterEncodingFilter' to: [/*]
2018/08/29-13:22 [localhost-startStop-1] INFO  org.springframework.boot.web.servlet.FilterRegistrationBean- Mapping filter: 'hiddenHttpMethodFilter' to: [/*]
2018/08/29-13:22 [localhost-startStop-1] INFO  org.springframework.boot.web.servlet.FilterRegistrationBean- Mapping filter: 'httpPutFormContentFilter' to: [/*]
2018/08/29-13:22 [localhost-startStop-1] INFO  org.springframework.boot.web.servlet.FilterRegistrationBean- Mapping filter: 'requestContextFilter' to: [/*]
2018/08/29-13:22 [main] INFO  org.springframework.web.servlet.mvc.method.annotation.RequestMappingHandlerAdapter- Looking for @ControllerAdvice: org.springframework.boot.context.embedded.AnnotationConfigEmbeddedWebApplicationContext@21de60b4: startup date [Wed Aug 29 13:22:37 CST 2018]; root of context hierarchy
2018/08/29-13:22 [main] INFO  org.springframework.web.servlet.mvc.method.annotation.RequestMappingHandlerMapping- Mapped "{[/error]}" onto public org.springframework.http.ResponseEntity<java.util.Map<java.lang.String, java.lang.Object>> org.springframework.boot.autoconfigure.web.BasicErrorController.error(javax.servlet.http.HttpServletRequest)
2018/08/29-13:22 [main] INFO  org.springframework.web.servlet.mvc.method.annotation.RequestMappingHandlerMapping- Mapped "{[/error],produces=[text/html]}" onto public org.springframework.web.servlet.ModelAndView org.springframework.boot.autoconfigure.web.BasicErrorController.errorHtml(javax.servlet.http.HttpServletRequest,javax.servlet.http.HttpServletResponse)
2018/08/29-13:22 [main] INFO  org.springframework.web.servlet.handler.SimpleUrlHandlerMapping- Mapped URL path [/webjars/**] onto handler of type [class org.springframework.web.servlet.resource.ResourceHttpRequestHandler]
2018/08/29-13:22 [main] INFO  org.springframework.web.servlet.handler.SimpleUrlHandlerMapping- Mapped URL path [/**] onto handler of type [class org.springframework.web.servlet.resource.ResourceHttpRequestHandler]
2018/08/29-13:22 [main] INFO  org.springframework.web.servlet.handler.SimpleUrlHandlerMapping- Mapped URL path [/**/favicon.ico] onto handler of type [class org.springframework.web.servlet.resource.ResourceHttpRequestHandler]
2018/08/29-13:22 [main] INFO  org.springframework.jmx.export.annotation.AnnotationMBeanExporter- Registering beans for JMX exposure on startup
2018/08/29-13:22 [main] INFO  org.springframework.boot.context.embedded.tomcat.TomcatEmbeddedServletContainer- Tomcat started on port(s): 9020 (http)
2018/08/29-13:22 [main] INFO  com.shy.FeibitPlatformApp- Started FeibitPlatformApp in 2.672 seconds (JVM running for 4.131)
2018/08/29-13:22 [Thread-9] INFO  org.springframework.boot.context.embedded.AnnotationConfigEmbeddedWebApplicationContext- Closing org.springframework.boot.context.embedded.AnnotationConfigEmbeddedWebApplicationContext@21de60b4: startup date [Wed Aug 29 13:22:37 CST 2018]; root of context hierarchy
2018/08/29-13:22 [Thread-9] INFO  org.springframework.jmx.export.annotation.AnnotationMBeanExporter- Unregistering JMX-exposed beans on shutdown
